::1 - - [08/Mar/2022:12:57:43 +0000] "GET / HTTP/1.1" 200 64 "-" "PostmanRuntime/7.28.4"
::1 - - [08/Mar/2022:12:59:53 +0000] "POST /patients/signup HTTP/1.1" 400 984 "-" "PostmanRuntime/7.28.4"
::1 - - [08/Mar/2022:13:01:36 +0000] "POST /patients/signup HTTP/1.1" 404 14 "-" "PostmanRuntime/7.28.4"
::1 - - [08/Mar/2022:13:02:08 +0000] "POST /patients/signup HTTP/1.1" 403 33 "-" "PostmanRuntime/7.28.4"
::1 - - [08/Mar/2022:13:03:02 +0000] "POST /patients/signup HTTP/1.1" 403 33 "-" "PostmanRuntime/7.28.4"
::1 - - [08/Mar/2022:13:03:18 +0000] "POST /patients/signup HTTP/1.1" 403 33 "-" "PostmanRuntime/7.28.4"
::1 - - [08/Mar/2022:13:04:48 +0000] "POST /patients/signup HTTP/1.1" 200 49 "-" "PostmanRuntime/7.28.4"
::1 - - [08/Mar/2022:13:06:05 +0000] "POST /patients/login HTTP/1.1" 200 253 "-" "PostmanRuntime/7.28.4"
::1 - - [11/Mar/2022:13:04:31 +0000] "POST /patients/test HTTP/1.1" - - "-" "PostmanRuntime/7.28.4"
::1 - - [11/Mar/2022:13:11:12 +0000] "POST /patients/test HTTP/1.1" - - "-" "PostmanRuntime/7.28.4"
::1 - - [11/Mar/2022:13:21:47 +0000] "POST /patients/test HTTP/1.1" - - "-" "PostmanRuntime/7.28.4"
::1 - - [11/Mar/2022:16:23:47 +0000] "POST /patients/test HTTP/1.1" - - "-" "PostmanRuntime/7.28.4"
::1 - - [11/Mar/2022:16:24:20 +0000] "POST /patients/test HTTP/1.1" - - "-" "PostmanRuntime/7.28.4"
::1 - - [11/Mar/2022:16:26:35 +0000] "POST /patients/test HTTP/1.1" - - "-" "PostmanRuntime/7.28.4"
::1 - - [11/Mar/2022:16:28:03 +0000] "POST /patients/test HTTP/1.1" - - "-" "PostmanRuntime/7.28.4"
::1 - - [11/Mar/2022:16:43:10 +0000] "POST /patients/test HTTP/1.1" - - "-" "PostmanRuntime/7.28.4"
::1 - - [11/Mar/2022:16:48:15 +0000] "POST /patients/test HTTP/1.1" - - "-" "PostmanRuntime/7.28.4"
::1 - - [11/Mar/2022:16:54:26 +0000] "POST /patients/test HTTP/1.1" - - "-" "PostmanRuntime/7.28.4"
::1 - - [11/Mar/2022:16:58:14 +0000] "POST /patients/test HTTP/1.1" - - "-" "PostmanRuntime/7.28.4"
::1 - - [11/Mar/2022:16:58:24 +0000] "POST /patients/test HTTP/1.1" - - "-" "PostmanRuntime/7.28.4"
::1 - - [11/Mar/2022:16:59:21 +0000] "POST /patients/test HTTP/1.1" - - "-" "PostmanRuntime/7.28.4"
::1 - - [11/Mar/2022:17:03:40 +0000] "POST /patients/test HTTP/1.1" - - "-" "PostmanRuntime/7.28.4"
::1 - - [11/Mar/2022:17:06:57 +0000] "POST /patients/test HTTP/1.1" - - "-" "PostmanRuntime/7.28.4"
::1 - - [11/Mar/2022:17:11:11 +0000] "POST /patients/test HTTP/1.1" - - "-" "PostmanRuntime/7.28.4"
::1 - - [11/Mar/2022:17:29:56 +0000] "POST /patients/test HTTP/1.1" 200 3040 "-" "PostmanRuntime/7.28.4"
::1 - - [16/Mar/2022:12:36:46 +0000] "POST /patients/test HTTP/1.1" 200 3040 "-" "PostmanRuntime/7.28.4"
